2022-07-22 18:10:27:1027 - [31merror[39m: [31mNão foi possível conectar![39m
2022-07-22 18:10:27:1027 - [31merror[39m: [31mErro: Error: querySrv ENOTFOUND _mongodb._tcp.cluster.yk6ez.mongodb.net[39m
2022-07-25 09:22:51:2251 - [31merror[39m: [31mNão foi possível conectar![39m
2022-07-25 09:22:51:2251 - [31merror[39m: [31mErro: MongooseServerSelectionError: Could not connect to any servers in your MongoDB Atlas cluster. One common reason is that you're trying to access the database from an IP that isn't whitelisted. Make sure your current IP address is on your Atlas cluster's IP whitelist: https://docs.atlas.mongodb.com/security-whitelist/[39m
2022-07-25 09:24:56:2456 - [31merror[39m: [31mNão foi possível conectar![39m
2022-07-25 09:24:56:2456 - [31merror[39m: [31mErro: MongooseServerSelectionError: Could not connect to any servers in your MongoDB Atlas cluster. One common reason is that you're trying to access the database from an IP that isn't whitelisted. Make sure your current IP address is on your Atlas cluster's IP whitelist: https://docs.atlas.mongodb.com/security-whitelist/[39m
2022-07-25 09:27:24:2724 - [31merror[39m: [31mNão foi possível conectar![39m
2022-07-25 09:27:24:2724 - [31merror[39m: [31mErro: MongooseServerSelectionError: Could not connect to any servers in your MongoDB Atlas cluster. One common reason is that you're trying to access the database from an IP that isn't whitelisted. Make sure your current IP address is on your Atlas cluster's IP whitelist: https://docs.atlas.mongodb.com/security-whitelist/[39m
2022-07-25 09:43:07:437 - [31merror[39m: [31mNão foi possível conectar![39m
2022-07-25 09:43:07:437 - [31merror[39m: [31mErro: MongooseServerSelectionError: Could not connect to any servers in your MongoDB Atlas cluster. One common reason is that you're trying to access the database from an IP that isn't whitelisted. Make sure your current IP address is on your Atlas cluster's IP whitelist: https://docs.atlas.mongodb.com/security-whitelist/[39m
2022-07-25 09:44:04:444 - [31merror[39m: [31mNão foi possível conectar![39m
2022-07-25 09:44:04:444 - [31merror[39m: [31mErro: MongooseServerSelectionError: Could not connect to any servers in your MongoDB Atlas cluster. One common reason is that you're trying to access the database from an IP that isn't whitelisted. Make sure your current IP address is on your Atlas cluster's IP whitelist: https://docs.atlas.mongodb.com/security-whitelist/[39m
2022-07-25 10:36:51:3651 - [31merror[39m: [31mNão foi possível conectar![39m
2022-07-25 10:36:51:3651 - [31merror[39m: [31mErro: MongooseServerSelectionError: Could not connect to any servers in your MongoDB Atlas cluster. One common reason is that you're trying to access the database from an IP that isn't whitelisted. Make sure your current IP address is on your Atlas cluster's IP whitelist: https://docs.atlas.mongodb.com/security-whitelist/[39m
2022-07-25 10:59:29:5929 - [31merror[39m: [31mNão foi possível conectar![39m
2022-07-25 10:59:29:5929 - [31merror[39m: [31mErro: MongooseServerSelectionError: Could not connect to any servers in your MongoDB Atlas cluster. One common reason is that you're trying to access the database from an IP that isn't whitelisted. Make sure your current IP address is on your Atlas cluster's IP whitelist: https://docs.atlas.mongodb.com/security-whitelist/[39m
2022-07-25 11:02:02:22 - [31merror[39m: [31mNão foi possível conectar![39m
2022-07-25 11:02:02:22 - [31merror[39m: [31mErro: MongooseServerSelectionError: Could not connect to any servers in your MongoDB Atlas cluster. One common reason is that you're trying to access the database from an IP that isn't whitelisted. Make sure your current IP address is on your Atlas cluster's IP whitelist: https://docs.atlas.mongodb.com/security-whitelist/[39m
2022-07-25 11:05:39:539 - [31merror[39m: [31mNão foi possível conectar![39m
2022-07-25 11:05:39:539 - [31merror[39m: [31mErro: MongooseServerSelectionError: Could not connect to any servers in your MongoDB Atlas cluster. One common reason is that you're trying to access the database from an IP that isn't whitelisted. Make sure your current IP address is on your Atlas cluster's IP whitelist: https://docs.atlas.mongodb.com/security-whitelist/[39m
2022-07-25 11:07:57:757 - [31merror[39m: [31mErro no sistema: Operation `moveis.insertOne()` buffering timed out after 10000ms[39m
2022-07-25 11:09:50:950 - [31merror[39m: [31mErro no sistema: Operation `moveis.insertOne()` buffering timed out after 10000ms[39m
2022-07-25 11:22:11:2211 - [31merror[39m: [31mErro no sistema: Operation `moveis.insertOne()` buffering timed out after 10000ms[39m
2022-07-25 11:49:16:4916 - [31merror[39m: [31mNão foi possível conectar![39m
2022-07-25 11:49:16:4916 - [31merror[39m: [31mErro: MongooseServerSelectionError: Could not connect to any servers in your MongoDB Atlas cluster. One common reason is that you're trying to access the database from an IP that isn't whitelisted. Make sure your current IP address is on your Atlas cluster's IP whitelist: https://docs.atlas.mongodb.com/security-whitelist/[39m
2022-07-25 11:50:05:505 - [31merror[39m: [31mErro no sistema: Operation `moveis.insertOne()` buffering timed out after 10000ms[39m
2022-07-25 11:51:35:5135 - [31merror[39m: [31mNão foi possível conectar![39m
2022-07-25 11:51:35:5135 - [31merror[39m: [31mErro: MongooseServerSelectionError: Could not connect to any servers in your MongoDB Atlas cluster. One common reason is that you're trying to access the database from an IP that isn't whitelisted. Make sure your current IP address is on your Atlas cluster's IP whitelist: https://docs.atlas.mongodb.com/security-whitelist/[39m
2022-07-25 11:53:34:5334 - [31merror[39m: [31mErro no sistema: Operation `moveis.insertOne()` buffering timed out after 10000ms[39m
2022-07-25 11:54:45:5445 - [31merror[39m: [31mErro no sistema: Operation `movies.insertOne()` buffering timed out after 10000ms[39m
2022-07-25 11:54:51:5451 - [31merror[39m: [31mNão foi possível conectar![39m
2022-07-25 11:54:51:5451 - [31merror[39m: [31mErro: MongooseServerSelectionError: Could not connect to any servers in your MongoDB Atlas cluster. One common reason is that you're trying to access the database from an IP that isn't whitelisted. Make sure your current IP address is on your Atlas cluster's IP whitelist: https://docs.atlas.mongodb.com/security-whitelist/[39m
2022-07-25 11:57:37:5737 - [31merror[39m: [31mErro no sistema: Operation `movies.insertOne()` buffering timed out after 10000ms[39m
2022-07-25 12:04:55:455 - [31merror[39m: [31mNão foi possível conectar![39m
2022-07-25 12:04:55:455 - [31merror[39m: [31mErro: MongooseServerSelectionError: Could not connect to any servers in your MongoDB Atlas cluster. One common reason is that you're trying to access the database from an IP that isn't whitelisted. Make sure your current IP address is on your Atlas cluster's IP whitelist: https://docs.atlas.mongodb.com/security-whitelist/[39m
2022-07-25 12:06:15:615 - [31merror[39m: [31mNão foi possível conectar![39m
2022-07-25 12:06:15:615 - [31merror[39m: [31mErro: MongooseServerSelectionError: Could not connect to any servers in your MongoDB Atlas cluster. One common reason is that you're trying to access the database from an IP that isn't whitelisted. Make sure your current IP address is on your Atlas cluster's IP whitelist: https://docs.atlas.mongodb.com/security-whitelist/[39m
2022-07-25 12:06:32:632 - [31merror[39m: [31mErro no sistema: Operation `movies.insertOne()` buffering timed out after 10000ms[39m
2022-07-25 12:14:40:1440 - [31merror[39m: [31mErro no sistema: Operation `movies.insertOne()` buffering timed out after 10000ms[39m
2022-07-25 15:37:33:3733 - [31merror[39m: [31mNão foi possível conectar![39m
2022-07-25 15:37:33:3733 - [31merror[39m: [31mErro: MongooseServerSelectionError: Could not connect to any servers in your MongoDB Atlas cluster. One common reason is that you're trying to access the database from an IP that isn't whitelisted. Make sure your current IP address is on your Atlas cluster's IP whitelist: https://docs.atlas.mongodb.com/security-whitelist/[39m
2022-07-25 15:39:50:3950 - [31merror[39m: [31mErro no sistema: Operation `movies.insertOne()` buffering timed out after 10000ms[39m
2022-07-26 09:44:52:4452 - [31merror[39m: [31mErro no sistema: Performing an update on the path '_id' would modify the immutable field '_id'[39m
